internal/ai/provider_test.go:669:20: Error return value of `provider.Close` is not checked (errcheck)
					provider.Close()
					              ^
internal/ai/provider_test.go:680:20: Error return value of `provider.Close` is not checked (errcheck)
					provider.Close()
					              ^
internal/analyzer/handler.go:373:27: Error return value of `(*encoding/json.Encoder).Encode` is not checked (errcheck)
	json.NewEncoder(w).Encode(data)
	                         ^
internal/apikeys/service.go:123:33: Error return value of `s.eventLogger.LogSecurityEvent` is not checked (errcheck)
		s.eventLogger.LogSecurityEvent(
		                              ^
internal/apikeys/service.go:224:33: Error return value of `s.eventLogger.LogSecurityEvent` is not checked (errcheck)
		s.eventLogger.LogSecurityEvent(
		                              ^
internal/apikeys/service.go:311:11: Error return value of `rand.Read` is not checked (errcheck)
	rand.Read(randomBytes)
	         ^
internal/apikeys/service.go:365:32: Error return value of `s.eventLogger.LogSecurityEvent` is not checked (errcheck)
	s.eventLogger.LogSecurityEvent(
	                              ^
internal/audit/store.go:70:19: Error return value of `tx.Rollback` is not checked (errcheck)
	defer tx.Rollback()
	                 ^
internal/audit/store.go:81:18: Error return value of `stmt.Close` is not checked (errcheck)
	defer stmt.Close()
	                ^
internal/audit/store.go:130:18: Error return value of `rows.Close` is not checked (errcheck)
	defer rows.Close()
	                ^
internal/audit/store.go:184:18: Error return value of `rows.Close` is not checked (errcheck)
	defer rows.Close()
	                ^
internal/audit/store.go:240:18: Error return value of `rows.Close` is not checked (errcheck)
	defer rows.Close()
	                ^
internal/config/env.go:20:12: Error return value of `os.Setenv` is not checked (errcheck)
		os.Setenv("ENVIRONMENT", env)
		         ^
internal/email/email_test.go:204:32: Error return value of `mockSvc.SendVerificationEmail` is not checked (errcheck)
		mockSvc.SendVerificationEmail("test@example.com", "token", "url")
		                             ^
internal/email/email_test.go:214:32: Error return value of `mockSvc.SendVerificationEmail` is not checked (errcheck)
		mockSvc.SendVerificationEmail("user1@example.com", "token1", "url1")
		                             ^
internal/email/email_test.go:215:33: Error return value of `mockSvc.SendPasswordResetEmail` is not checked (errcheck)
		mockSvc.SendPasswordResetEmail("user2@example.com", "token2", "url2")
		                              ^
internal/email/email_test.go:216:27: Error return value of `mockSvc.SendWelcomeEmail` is not checked (errcheck)
		mockSvc.SendWelcomeEmail("user3@example.com", "User 3")
		                        ^
internal/email/email_test.go:285:33: Error return value of `mockSvc.SendVerificationEmail` is not checked (errcheck)
			mockSvc.SendVerificationEmail("bench@example.com", "token", "url")
			                             ^
internal/email/email_test.go:291:43: Error return value of `mockSvc.SendOrganizationInvitationEmail` is not checked (errcheck)
			mockSvc.SendOrganizationInvitationEmail(
			                                       ^
internal/email/organization_test.go:274:41: Error return value of `mockSvc.SendOrganizationInvitationEmail` is not checked (errcheck)
	mockSvc.SendOrganizationInvitationEmail(
	                                       ^
internal/email/organization_test.go:282:38: Error return value of `mockSvc.SendOrganizationWelcomeEmail` is not checked (errcheck)
	mockSvc.SendOrganizationWelcomeEmail(
	                                    ^
internal/email/organization_test.go:289:32: Error return value of `mockSvc.SendMemberRemovedEmail` is not checked (errcheck)
	mockSvc.SendMemberRemovedEmail("removed@example.com", "Team C")
	                              ^
internal/email/service.go:379:23: Error return value of `resp.Body.Close` is not checked (errcheck)
	defer resp.Body.Close()
	                     ^
internal/gdpr/service.go:137:30: Error return value of `s.store.UpdateRequestFailed` is not checked (errcheck)
		s.store.UpdateRequestFailed(ctx, request.ID, err.Error())
		                           ^
internal/gdpr/service.go:145:30: Error return value of `s.store.UpdateRequestFailed` is not checked (errcheck)
		s.store.UpdateRequestFailed(ctx, request.ID, "Failed to serialize data")
		                           ^
internal/gdpr/service.go:152:30: Error return value of `s.store.UpdateRequestFailed` is not checked (errcheck)
		s.store.UpdateRequestFailed(ctx, request.ID, "Failed to create export directory")
		                           ^
internal/health/checker.go:311:23: Error return value of `resp.Body.Close` is not checked (errcheck)
	defer resp.Body.Close()
	                     ^
internal/sync/shared_sync_test.go:503:30: Error return value of `db.Close` is not checked (errcheck)
	return db, func() { db.Close() }
	                            ^
internal/templates/handler.go:84:27: Error return value of `(*encoding/json.Encoder).Encode` is not checked (errcheck)
	json.NewEncoder(w).Encode(template)
	                         ^
internal/templates/handler.go:135:27: Error return value of `(*encoding/json.Encoder).Encode` is not checked (errcheck)
	json.NewEncoder(w).Encode(map[string]interface{}{
	                         ^
internal/testutil/server.go:26:17: Error return value of `listener.Close` is not checked (errcheck)
		listener.Close()
		              ^
internal/testutil/server.go:48:13: Error return value of `conn.Close` is not checked (errcheck)
		conn.Close()
		          ^
internal/whitelabel/service_test.go:17:16: Error return value of `db.Close` is not checked (errcheck)
	defer db.Close()
	              ^
pkg/database/clickhouse.go:44:15: Error return value of `c.pool.Close` is not checked (errcheck)
		c.pool.Close()
		            ^
pkg/database/elasticsearch.go:173:23: Error return value of `resp.Body.Close` is not checked (errcheck)
	defer resp.Body.Close()
	                     ^
pkg/database/elasticsearch.go:562:14: Error return value of `fmt.Sscanf` is not checked (errcheck)
			fmt.Sscanf(count, "%d", &docsCount)
			          ^
pkg/database/elasticsearch.go:599:12: Error return value of `fmt.Sscanf` is not checked (errcheck)
	fmt.Sscanf(size, "%f%s", &num, &unit)
	          ^
pkg/database/mongodb.go:140:20: Error return value of `client.Disconnect` is not checked (errcheck)
		client.Disconnect(ctx)
		                 ^
pkg/storage/manager_test.go:90:20: Error return value of `os.RemoveAll` is not checked (errcheck)
	defer os.RemoveAll(tmpDir)
	                  ^
pkg/storage/manager_test.go:98:21: Error return value of `manager.Close` is not checked (errcheck)
	defer manager.Close()
	                   ^
pkg/storage/manager_test.go:108:20: Error return value of `os.RemoveAll` is not checked (errcheck)
	defer os.RemoveAll(tmpDir)
	                  ^
pkg/storage/manager_test.go:119:21: Error return value of `manager.Close` is not checked (errcheck)
	defer manager.Close()
	                   ^
pkg/storage/manager_test.go:129:20: Error return value of `os.RemoveAll` is not checked (errcheck)
	defer os.RemoveAll(tmpDir)
	                  ^
pkg/storage/manager_test.go:147:21: Error return value of `manager.Close` is not checked (errcheck)
	defer manager.Close()
	                   ^
pkg/storage/turso/client.go:137:19: Error return value of `tx.Rollback` is not checked (errcheck)
	defer tx.Rollback()
	                 ^
pkg/storage/turso/connection_store_test.go:105:11: Error return value of `db.Close` is not checked (errcheck)
		db.Close()
		        ^
pkg/storage/turso/connection_store_test.go:493:19: Error return value of `connStore.Create` is not checked (errcheck)
		connStore.Create(ctx, conn)
		                ^
pkg/storage/turso/connection_store_test.go:500:38: Error return value of `syncStore.ListAccessibleConnections` is not checked (errcheck)
		syncStore.ListAccessibleConnections(ctx, "user-1", orgIDs, time.Time{})
		                                   ^
pkg/storage/turso/migrate.go:223:19: Error return value of `tx.Rollback` is not checked (errcheck)
	defer tx.Rollback()
	                 ^
pkg/storage/turso/pool.go:306:20: Error return value of `conn.Close` is not checked (errcheck)
			defer conn.Close()
			                ^
cmd/server/main.go:174:10: ST1005: error strings should not be capitalized (staticcheck)
		return fmt.Errorf("Turso URL must be configured in production")
		       ^
cmd/server/main.go:178:10: ST1005: error strings should not be capitalized (staticcheck)
		return fmt.Errorf("Turso auth token must be configured in production")
		       ^
internal/middleware/auth_test.go:683:31: SA1029: should not use built-in type string as key for value; define your own type to avoid collisions (staticcheck)
	ctx = context.WithValue(ctx, "user_id", "user123")
	                             ^
internal/middleware/auth_test.go:684:31: SA1029: should not use built-in type string as key for value; define your own type to avoid collisions (staticcheck)
	ctx = context.WithValue(ctx, "username", "testuser")
	                             ^
internal/middleware/auth_test.go:685:31: SA1029: should not use built-in type string as key for value; define your own type to avoid collisions (staticcheck)
	ctx = context.WithValue(ctx, "role", "admin")
	                             ^
internal/middleware/org_rate_limit.go:97:40: SA1012: do not pass a nil Context, even if a function permits it; pass context.TODO if you are unsure about which Context to use (staticcheck)
	quota, err := r.quotaService.GetQuota(nil, orgID)
	                                      ^
internal/organization/service_test.go:1311:39: SA1012: do not pass a nil Context, even if a function permits it; pass context.TODO if you are unsure about which Context to use (staticcheck)
	_, err := service.CreateOrganization(nil, "user-1", input)
	                                     ^
pkg/database/postgres.go:326:10: ST1005: error strings should not be capitalized (staticcheck)
		return fmt.Errorf("Result set is missing primary key columns: %s", strings.Join(missingPK, ", "))
		       ^
cmd/fix-lint/main.go:135:6: func fixWithAST is unused (unused)
func fixWithAST(path string) error {
     ^
internal/middleware/test_helpers_test.go:21:6: func newAuthMiddleware is unused (unused)
func newAuthMiddleware(secret string) *middleware.AuthMiddleware {
     ^
pkg/database/test_helpers_test.go:85:6: func skipIfMongoDBUnavailable is unused (unused)
func skipIfMongoDBUnavailable(t interface{ Skip(args ...interface{}) }, err error) {
     ^
pkg/database/test_helpers_test.go:93:6: func skipIfClickHouseUnavailable is unused (unused)
func skipIfClickHouseUnavailable(t interface{ Skip(args ...interface{}) }, err error) {
     ^
tools/lint-fixer/main.go:250:17: func (*Fixer).fixWithAST is unused (unused)
func (f *Fixer) fixWithAST(path string) error {
                ^
63 issues:
* errcheck: 50
* staticcheck: 8
* unused: 5
